Started GET "/" for 127.0.0.1 at 2017-09-08 19:44:24 -0400
Processing by Rails::WelcomeController#index as HTML
  Rendering /Users/pazmacias/.rvm/gems/ruby-2.4.1/gems/railties-5.1.4/lib/rails/templates/rails/welcome/index.html.erb
  Rendered /Users/pazmacias/.rvm/gems/ruby-2.4.1/gems/railties-5.1.4/lib/rails/templates/rails/welcome/index.html.erb (3.8ms)
Completed 200 OK in 191ms (Views: 8.5ms)


Started GET "/" for 127.0.0.1 at 2017-09-08 19:45:59 -0400
Processing by Rails::WelcomeController#index as HTML
  Rendering /Users/pazmacias/.rvm/gems/ruby-2.4.1/gems/railties-5.1.4/lib/rails/templates/rails/welcome/index.html.erb
  Rendered /Users/pazmacias/.rvm/gems/ruby-2.4.1/gems/railties-5.1.4/lib/rails/templates/rails/welcome/index.html.erb (3.2ms)
Completed 200 OK in 227ms (Views: 9.4ms)


Started GET "/calc" for 127.0.0.1 at 2017-09-08 19:47:34 -0400
  
ActionController::RoutingError (No route matches [GET] "/calc"):
  
actionpack (5.1.4) lib/action_dispatch/middleware/debug_exceptions.rb:63:in `call'
web-console (3.5.1) lib/web_console/middleware.rb:135:in `call_app'
web-console (3.5.1) lib/web_console/middleware.rb:28:in `block in call'
web-console (3.5.1) lib/web_console/middleware.rb:18:in `catch'
web-console (3.5.1) lib/web_console/middleware.rb:18:in `call'
actionpack (5.1.4) lib/action_dispatch/middleware/show_exceptions.rb:31:in `call'
railties (5.1.4) lib/rails/rack/logger.rb:36:in `call_app'
railties (5.1.4) lib/rails/rack/logger.rb:24:in `block in call'
activesupport (5.1.4) lib/active_support/tagged_logging.rb:69:in `block in tagged'
activesupport (5.1.4) lib/active_support/tagged_logging.rb:26:in `tagged'
activesupport (5.1.4) lib/active_support/tagged_logging.rb:69:in `tagged'
railties (5.1.4) lib/rails/rack/logger.rb:24:in `call'
sprockets-rails (3.2.1) lib/sprockets/rails/quiet_assets.rb:13:in `call'
actionpack (5.1.4) lib/action_dispatch/middleware/remote_ip.rb:79:in `call'
actionpack (5.1.4) lib/action_dispatch/middleware/request_id.rb:25:in `call'
rack (2.0.3) lib/rack/method_override.rb:22:in `call'
rack (2.0.3) lib/rack/runtime.rb:22:in `call'
activesupport (5.1.4) lib/active_support/cache/strategy/local_cache_middleware.rb:27:in `call'
actionpack (5.1.4) lib/action_dispatch/middleware/executor.rb:12:in `call'
actionpack (5.1.4) lib/action_dispatch/middleware/static.rb:125:in `call'
rack (2.0.3) lib/rack/sendfile.rb:111:in `call'
railties (5.1.4) lib/rails/engine.rb:522:in `call'
puma (3.10.0) lib/puma/configuration.rb:225:in `call'
puma (3.10.0) lib/puma/server.rb:605:in `handle_request'
puma (3.10.0) lib/puma/server.rb:437:in `process_client'
puma (3.10.0) lib/puma/server.rb:301:in `block in run'
puma (3.10.0) lib/puma/thread_pool.rb:120:in `block in spawn_thread'
Started GET "/calc" for 127.0.0.1 at 2017-09-08 19:53:09 -0400
  
ActionController::RoutingError (uninitialized constant CalcController):
  
activesupport (5.1.4) lib/active_support/inflector/methods.rb:269:in `const_get'
activesupport (5.1.4) lib/active_support/inflector/methods.rb:269:in `block in constantize'
activesupport (5.1.4) lib/active_support/inflector/methods.rb:267:in `each'
activesupport (5.1.4) lib/active_support/inflector/methods.rb:267:in `inject'
activesupport (5.1.4) lib/active_support/inflector/methods.rb:267:in `constantize'
actionpack (5.1.4) lib/action_dispatch/http/request.rb:85:in `controller_class_for'
actionpack (5.1.4) lib/action_dispatch/http/request.rb:78:in `controller_class'
actionpack (5.1.4) lib/action_dispatch/routing/route_set.rb:43:in `controller'
actionpack (5.1.4) lib/action_dispatch/routing/route_set.rb:29:in `serve'
actionpack (5.1.4) lib/action_dispatch/journey/router.rb:50:in `block in serve'
actionpack (5.1.4) lib/action_dispatch/journey/router.rb:33:in `each'
actionpack (5.1.4) lib/action_dispatch/journey/router.rb:33:in `serve'
actionpack (5.1.4) lib/action_dispatch/routing/route_set.rb:834:in `call'
rack (2.0.3) lib/rack/etag.rb:25:in `call'
rack (2.0.3) lib/rack/conditional_get.rb:25:in `call'
rack (2.0.3) lib/rack/head.rb:12:in `call'
rack (2.0.3) lib/rack/session/abstract/id.rb:232:in `context'
rack (2.0.3) lib/rack/session/abstract/id.rb:226:in `call'
actionpack (5.1.4) lib/action_dispatch/middleware/cookies.rb:613:in `call'
activerecord (5.1.4) lib/active_record/migration.rb:556:in `call'
actionpack (5.1.4) lib/action_dispatch/middleware/callbacks.rb:26:in `block in call'
activesupport (5.1.4) lib/active_support/callbacks.rb:97:in `run_callbacks'
actionpack (5.1.4) lib/action_dispatch/middleware/callbacks.rb:24:in `call'
actionpack (5.1.4) lib/action_dispatch/middleware/executor.rb:12:in `call'
actionpack (5.1.4) lib/action_dispatch/middleware/debug_exceptions.rb:59:in `call'
web-console (3.5.1) lib/web_console/middleware.rb:135:in `call_app'
web-console (3.5.1) lib/web_console/middleware.rb:28:in `block in call'
web-console (3.5.1) lib/web_console/middleware.rb:18:in `catch'
web-console (3.5.1) lib/web_console/middleware.rb:18:in `call'
actionpack (5.1.4) lib/action_dispatch/middleware/show_exceptions.rb:31:in `call'
railties (5.1.4) lib/rails/rack/logger.rb:36:in `call_app'
railties (5.1.4) lib/rails/rack/logger.rb:24:in `block in call'
activesupport (5.1.4) lib/active_support/tagged_logging.rb:69:in `block in tagged'
activesupport (5.1.4) lib/active_support/tagged_logging.rb:26:in `tagged'
activesupport (5.1.4) lib/active_support/tagged_logging.rb:69:in `tagged'
railties (5.1.4) lib/rails/rack/logger.rb:24:in `call'
sprockets-rails (3.2.1) lib/sprockets/rails/quiet_assets.rb:13:in `call'
actionpack (5.1.4) lib/action_dispatch/middleware/remote_ip.rb:79:in `call'
actionpack (5.1.4) lib/action_dispatch/middleware/request_id.rb:25:in `call'
rack (2.0.3) lib/rack/method_override.rb:22:in `call'
rack (2.0.3) lib/rack/runtime.rb:22:in `call'
activesupport (5.1.4) lib/active_support/cache/strategy/local_cache_middleware.rb:27:in `call'
actionpack (5.1.4) lib/action_dispatch/middleware/executor.rb:12:in `call'
actionpack (5.1.4) lib/action_dispatch/middleware/static.rb:125:in `call'
rack (2.0.3) lib/rack/sendfile.rb:111:in `call'
railties (5.1.4) lib/rails/engine.rb:522:in `call'
puma (3.10.0) lib/puma/configuration.rb:225:in `call'
puma (3.10.0) lib/puma/server.rb:605:in `handle_request'
puma (3.10.0) lib/puma/server.rb:437:in `process_client'
puma (3.10.0) lib/puma/server.rb:301:in `block in run'
puma (3.10.0) lib/puma/thread_pool.rb:120:in `block in spawn_thread'
Started GET "/calc" for 127.0.0.1 at 2017-09-08 20:03:33 -0400
  
LoadError (cannot load such file -- /Users/pazmacias/Documents/NanoHackers/Week 1/calc/config/routes.rb):
  
activesupport (5.1.4) lib/active_support/dependencies.rb:286:in `load'
activesupport (5.1.4) lib/active_support/dependencies.rb:286:in `block in load'
activesupport (5.1.4) lib/active_support/dependencies.rb:258:in `load_dependency'
activesupport (5.1.4) lib/active_support/dependencies.rb:286:in `load'
railties (5.1.4) lib/rails/application/routes_reloader.rb:55:in `block in load_paths'
railties (5.1.4) lib/rails/application/routes_reloader.rb:55:in `each'
railties (5.1.4) lib/rails/application/routes_reloader.rb:55:in `load_paths'
railties (5.1.4) lib/rails/application/routes_reloader.rb:18:in `reload!'
railties (5.1.4) lib/rails/application/routes_reloader.rb:41:in `block in updater'
activesupport (5.1.4) lib/active_support/file_update_checker.rb:81:in `execute'
railties (5.1.4) lib/rails/application/routes_reloader.rb:25:in `execute'
railties (5.1.4) lib/rails/application/finisher.rb:141:in `block (2 levels) in <module:Finisher>'
activesupport (5.1.4) lib/active_support/callbacks.rb:413:in `instance_exec'
activesupport (5.1.4) lib/active_support/callbacks.rb:413:in `block in make_lambda'
activesupport (5.1.4) lib/active_support/callbacks.rb:197:in `block (2 levels) in halting'
activesupport (5.1.4) lib/active_support/callbacks.rb:601:in `block (2 levels) in default_terminator'
activesupport (5.1.4) lib/active_support/callbacks.rb:600:in `catch'
activesupport (5.1.4) lib/active_support/callbacks.rb:600:in `block in default_terminator'
activesupport (5.1.4) lib/active_support/callbacks.rb:198:in `block in halting'
activesupport (5.1.4) lib/active_support/callbacks.rb:507:in `block in invoke_before'
activesupport (5.1.4) lib/active_support/callbacks.rb:507:in `each'
activesupport (5.1.4) lib/active_support/callbacks.rb:507:in `invoke_before'
activesupport (5.1.4) lib/active_support/callbacks.rb:130:in `run_callbacks'
activesupport (5.1.4) lib/active_support/execution_wrapper.rb:108:in `run!'
activesupport (5.1.4) lib/active_support/reloader.rb:113:in `run!'
activesupport (5.1.4) lib/active_support/execution_wrapper.rb:70:in `block in run!'
activesupport (5.1.4) lib/active_support/execution_wrapper.rb:67:in `tap'
activesupport (5.1.4) lib/active_support/execution_wrapper.rb:67:in `run!'
activesupport (5.1.4) lib/active_support/reloader.rb:59:in `run!'
actionpack (5.1.4) lib/action_dispatch/middleware/executor.rb:10:in `call'
actionpack (5.1.4) lib/action_dispatch/middleware/debug_exceptions.rb:59:in `call'
web-console (3.5.1) lib/web_console/middleware.rb:135:in `call_app'
web-console (3.5.1) lib/web_console/middleware.rb:28:in `block in call'
web-console (3.5.1) lib/web_console/middleware.rb:18:in `catch'
web-console (3.5.1) lib/web_console/middleware.rb:18:in `call'
actionpack (5.1.4) lib/action_dispatch/middleware/show_exceptions.rb:31:in `call'
railties (5.1.4) lib/rails/rack/logger.rb:36:in `call_app'
railties (5.1.4) lib/rails/rack/logger.rb:24:in `block in call'
activesupport (5.1.4) lib/active_support/tagged_logging.rb:69:in `block in tagged'
activesupport (5.1.4) lib/active_support/tagged_logging.rb:26:in `tagged'
activesupport (5.1.4) lib/active_support/tagged_logging.rb:69:in `tagged'
railties (5.1.4) lib/rails/rack/logger.rb:24:in `call'
sprockets-rails (3.2.1) lib/sprockets/rails/quiet_assets.rb:13:in `call'
actionpack (5.1.4) lib/action_dispatch/middleware/remote_ip.rb:79:in `call'
actionpack (5.1.4) lib/action_dispatch/middleware/request_id.rb:25:in `call'
rack (2.0.3) lib/rack/method_override.rb:22:in `call'
rack (2.0.3) lib/rack/runtime.rb:22:in `call'
activesupport (5.1.4) lib/active_support/cache/strategy/local_cache_middleware.rb:27:in `call'
actionpack (5.1.4) lib/action_dispatch/middleware/executor.rb:12:in `call'
actionpack (5.1.4) lib/action_dispatch/middleware/static.rb:125:in `call'
rack (2.0.3) lib/rack/sendfile.rb:111:in `call'
railties (5.1.4) lib/rails/engine.rb:522:in `call'
puma (3.10.0) lib/puma/configuration.rb:225:in `call'
puma (3.10.0) lib/puma/server.rb:605:in `handle_request'
puma (3.10.0) lib/puma/server.rb:437:in `process_client'
puma (3.10.0) lib/puma/server.rb:301:in `block in run'
puma (3.10.0) lib/puma/thread_pool.rb:120:in `block in spawn_thread'
Started GET "/favicon.ico" for 127.0.0.1 at 2017-09-08 20:03:34 -0400
  
ActionController::RoutingError (No route matches [GET] "/favicon.ico"):
  
actionpack (5.1.4) lib/action_dispatch/middleware/debug_exceptions.rb:63:in `call'
web-console (3.5.1) lib/web_console/middleware.rb:135:in `call_app'
web-console (3.5.1) lib/web_console/middleware.rb:28:in `block in call'
web-console (3.5.1) lib/web_console/middleware.rb:18:in `catch'
web-console (3.5.1) lib/web_console/middleware.rb:18:in `call'
actionpack (5.1.4) lib/action_dispatch/middleware/show_exceptions.rb:31:in `call'
railties (5.1.4) lib/rails/rack/logger.rb:36:in `call_app'
railties (5.1.4) lib/rails/rack/logger.rb:24:in `block in call'
activesupport (5.1.4) lib/active_support/tagged_logging.rb:69:in `block in tagged'
activesupport (5.1.4) lib/active_support/tagged_logging.rb:26:in `tagged'
activesupport (5.1.4) lib/active_support/tagged_logging.rb:69:in `tagged'
railties (5.1.4) lib/rails/rack/logger.rb:24:in `call'
sprockets-rails (3.2.1) lib/sprockets/rails/quiet_assets.rb:13:in `call'
actionpack (5.1.4) lib/action_dispatch/middleware/remote_ip.rb:79:in `call'
actionpack (5.1.4) lib/action_dispatch/middleware/request_id.rb:25:in `call'
rack (2.0.3) lib/rack/method_override.rb:22:in `call'
rack (2.0.3) lib/rack/runtime.rb:22:in `call'
activesupport (5.1.4) lib/active_support/cache/strategy/local_cache_middleware.rb:27:in `call'
actionpack (5.1.4) lib/action_dispatch/middleware/executor.rb:12:in `call'
actionpack (5.1.4) lib/action_dispatch/middleware/static.rb:125:in `call'
rack (2.0.3) lib/rack/sendfile.rb:111:in `call'
railties (5.1.4) lib/rails/engine.rb:522:in `call'
puma (3.10.0) lib/puma/configuration.rb:225:in `call'
puma (3.10.0) lib/puma/server.rb:605:in `handle_request'
puma (3.10.0) lib/puma/server.rb:437:in `process_client'
puma (3.10.0) lib/puma/server.rb:301:in `block in run'
puma (3.10.0) lib/puma/thread_pool.rb:120:in `block in spawn_thread'
Started GET "/calc" for 127.0.0.1 at 2017-09-08 20:03:46 -0400
  
ActionController::RoutingError (No route matches [GET] "/calc"):
  
actionpack (5.1.4) lib/action_dispatch/middleware/debug_exceptions.rb:63:in `call'
web-console (3.5.1) lib/web_console/middleware.rb:135:in `call_app'
web-console (3.5.1) lib/web_console/middleware.rb:28:in `block in call'
web-console (3.5.1) lib/web_console/middleware.rb:18:in `catch'
web-console (3.5.1) lib/web_console/middleware.rb:18:in `call'
actionpack (5.1.4) lib/action_dispatch/middleware/show_exceptions.rb:31:in `call'
railties (5.1.4) lib/rails/rack/logger.rb:36:in `call_app'
railties (5.1.4) lib/rails/rack/logger.rb:24:in `block in call'
activesupport (5.1.4) lib/active_support/tagged_logging.rb:69:in `block in tagged'
activesupport (5.1.4) lib/active_support/tagged_logging.rb:26:in `tagged'
activesupport (5.1.4) lib/active_support/tagged_logging.rb:69:in `tagged'
railties (5.1.4) lib/rails/rack/logger.rb:24:in `call'
sprockets-rails (3.2.1) lib/sprockets/rails/quiet_assets.rb:13:in `call'
actionpack (5.1.4) lib/action_dispatch/middleware/remote_ip.rb:79:in `call'
actionpack (5.1.4) lib/action_dispatch/middleware/request_id.rb:25:in `call'
rack (2.0.3) lib/rack/method_override.rb:22:in `call'
rack (2.0.3) lib/rack/runtime.rb:22:in `call'
activesupport (5.1.4) lib/active_support/cache/strategy/local_cache_middleware.rb:27:in `call'
actionpack (5.1.4) lib/action_dispatch/middleware/executor.rb:12:in `call'
actionpack (5.1.4) lib/action_dispatch/middleware/static.rb:125:in `call'
rack (2.0.3) lib/rack/sendfile.rb:111:in `call'
railties (5.1.4) lib/rails/engine.rb:522:in `call'
puma (3.10.0) lib/puma/configuration.rb:225:in `call'
puma (3.10.0) lib/puma/server.rb:605:in `handle_request'
puma (3.10.0) lib/puma/server.rb:437:in `process_client'
puma (3.10.0) lib/puma/server.rb:301:in `block in run'
puma (3.10.0) lib/puma/thread_pool.rb:120:in `block in spawn_thread'
Started GET "/calculator" for 127.0.0.1 at 2017-09-08 20:03:54 -0400
  
ActionController::RoutingError (No route matches [GET] "/calculator"):
  
actionpack (5.1.4) lib/action_dispatch/middleware/debug_exceptions.rb:63:in `call'
web-console (3.5.1) lib/web_console/middleware.rb:135:in `call_app'
web-console (3.5.1) lib/web_console/middleware.rb:28:in `block in call'
web-console (3.5.1) lib/web_console/middleware.rb:18:in `catch'
web-console (3.5.1) lib/web_console/middleware.rb:18:in `call'
actionpack (5.1.4) lib/action_dispatch/middleware/show_exceptions.rb:31:in `call'
railties (5.1.4) lib/rails/rack/logger.rb:36:in `call_app'
railties (5.1.4) lib/rails/rack/logger.rb:24:in `block in call'
activesupport (5.1.4) lib/active_support/tagged_logging.rb:69:in `block in tagged'
activesupport (5.1.4) lib/active_support/tagged_logging.rb:26:in `tagged'
activesupport (5.1.4) lib/active_support/tagged_logging.rb:69:in `tagged'
railties (5.1.4) lib/rails/rack/logger.rb:24:in `call'
sprockets-rails (3.2.1) lib/sprockets/rails/quiet_assets.rb:13:in `call'
actionpack (5.1.4) lib/action_dispatch/middleware/remote_ip.rb:79:in `call'
actionpack (5.1.4) lib/action_dispatch/middleware/request_id.rb:25:in `call'
rack (2.0.3) lib/rack/method_override.rb:22:in `call'
rack (2.0.3) lib/rack/runtime.rb:22:in `call'
activesupport (5.1.4) lib/active_support/cache/strategy/local_cache_middleware.rb:27:in `call'
actionpack (5.1.4) lib/action_dispatch/middleware/executor.rb:12:in `call'
actionpack (5.1.4) lib/action_dispatch/middleware/static.rb:125:in `call'
rack (2.0.3) lib/rack/sendfile.rb:111:in `call'
railties (5.1.4) lib/rails/engine.rb:522:in `call'
puma (3.10.0) lib/puma/configuration.rb:225:in `call'
puma (3.10.0) lib/puma/server.rb:605:in `handle_request'
puma (3.10.0) lib/puma/server.rb:437:in `process_client'
puma (3.10.0) lib/puma/server.rb:301:in `block in run'
puma (3.10.0) lib/puma/thread_pool.rb:120:in `block in spawn_thread'
Started GET "/calculator" for 127.0.0.1 at 2017-09-08 20:04:08 -0400
  
ActionController::RoutingError (No route matches [GET] "/calculator"):
  
actionpack (5.1.4) lib/action_dispatch/middleware/debug_exceptions.rb:63:in `call'
web-console (3.5.1) lib/web_console/middleware.rb:135:in `call_app'
web-console (3.5.1) lib/web_console/middleware.rb:28:in `block in call'
web-console (3.5.1) lib/web_console/middleware.rb:18:in `catch'
web-console (3.5.1) lib/web_console/middleware.rb:18:in `call'
actionpack (5.1.4) lib/action_dispatch/middleware/show_exceptions.rb:31:in `call'
railties (5.1.4) lib/rails/rack/logger.rb:36:in `call_app'
railties (5.1.4) lib/rails/rack/logger.rb:24:in `block in call'
activesupport (5.1.4) lib/active_support/tagged_logging.rb:69:in `block in tagged'
activesupport (5.1.4) lib/active_support/tagged_logging.rb:26:in `tagged'
activesupport (5.1.4) lib/active_support/tagged_logging.rb:69:in `tagged'
railties (5.1.4) lib/rails/rack/logger.rb:24:in `call'
sprockets-rails (3.2.1) lib/sprockets/rails/quiet_assets.rb:13:in `call'
actionpack (5.1.4) lib/action_dispatch/middleware/remote_ip.rb:79:in `call'
actionpack (5.1.4) lib/action_dispatch/middleware/request_id.rb:25:in `call'
rack (2.0.3) lib/rack/method_override.rb:22:in `call'
rack (2.0.3) lib/rack/runtime.rb:22:in `call'
activesupport (5.1.4) lib/active_support/cache/strategy/local_cache_middleware.rb:27:in `call'
actionpack (5.1.4) lib/action_dispatch/middleware/executor.rb:12:in `call'
actionpack (5.1.4) lib/action_dispatch/middleware/static.rb:125:in `call'
rack (2.0.3) lib/rack/sendfile.rb:111:in `call'
railties (5.1.4) lib/rails/engine.rb:522:in `call'
puma (3.10.0) lib/puma/configuration.rb:225:in `call'
puma (3.10.0) lib/puma/server.rb:605:in `handle_request'
puma (3.10.0) lib/puma/server.rb:437:in `process_client'
puma (3.10.0) lib/puma/server.rb:301:in `block in run'
puma (3.10.0) lib/puma/thread_pool.rb:120:in `block in spawn_thread'
Started GET "/calculator" for 127.0.0.1 at 2017-09-08 20:04:10 -0400
  
ActionController::RoutingError (No route matches [GET] "/calculator"):
  
actionpack (5.1.4) lib/action_dispatch/middleware/debug_exceptions.rb:63:in `call'
web-console (3.5.1) lib/web_console/middleware.rb:135:in `call_app'
web-console (3.5.1) lib/web_console/middleware.rb:28:in `block in call'
web-console (3.5.1) lib/web_console/middleware.rb:18:in `catch'
web-console (3.5.1) lib/web_console/middleware.rb:18:in `call'
actionpack (5.1.4) lib/action_dispatch/middleware/show_exceptions.rb:31:in `call'
railties (5.1.4) lib/rails/rack/logger.rb:36:in `call_app'
railties (5.1.4) lib/rails/rack/logger.rb:24:in `block in call'
activesupport (5.1.4) lib/active_support/tagged_logging.rb:69:in `block in tagged'
activesupport (5.1.4) lib/active_support/tagged_logging.rb:26:in `tagged'
activesupport (5.1.4) lib/active_support/tagged_logging.rb:69:in `tagged'
railties (5.1.4) lib/rails/rack/logger.rb:24:in `call'
sprockets-rails (3.2.1) lib/sprockets/rails/quiet_assets.rb:13:in `call'
actionpack (5.1.4) lib/action_dispatch/middleware/remote_ip.rb:79:in `call'
actionpack (5.1.4) lib/action_dispatch/middleware/request_id.rb:25:in `call'
rack (2.0.3) lib/rack/method_override.rb:22:in `call'
rack (2.0.3) lib/rack/runtime.rb:22:in `call'
activesupport (5.1.4) lib/active_support/cache/strategy/local_cache_middleware.rb:27:in `call'
actionpack (5.1.4) lib/action_dispatch/middleware/executor.rb:12:in `call'
actionpack (5.1.4) lib/action_dispatch/middleware/static.rb:125:in `call'
rack (2.0.3) lib/rack/sendfile.rb:111:in `call'
railties (5.1.4) lib/rails/engine.rb:522:in `call'
puma (3.10.0) lib/puma/configuration.rb:225:in `call'
puma (3.10.0) lib/puma/server.rb:605:in `handle_request'
puma (3.10.0) lib/puma/server.rb:437:in `process_client'
puma (3.10.0) lib/puma/server.rb:301:in `block in run'
puma (3.10.0) lib/puma/thread_pool.rb:120:in `block in spawn_thread'
Started GET "/calculator" for 127.0.0.1 at 2017-09-08 20:05:10 -0400
  
ActionController::RoutingError (No route matches [GET] "/calculator"):
  
actionpack (5.1.4) lib/action_dispatch/middleware/debug_exceptions.rb:63:in `call'
web-console (3.5.1) lib/web_console/middleware.rb:135:in `call_app'
web-console (3.5.1) lib/web_console/middleware.rb:28:in `block in call'
web-console (3.5.1) lib/web_console/middleware.rb:18:in `catch'
web-console (3.5.1) lib/web_console/middleware.rb:18:in `call'
actionpack (5.1.4) lib/action_dispatch/middleware/show_exceptions.rb:31:in `call'
railties (5.1.4) lib/rails/rack/logger.rb:36:in `call_app'
railties (5.1.4) lib/rails/rack/logger.rb:24:in `block in call'
activesupport (5.1.4) lib/active_support/tagged_logging.rb:69:in `block in tagged'
activesupport (5.1.4) lib/active_support/tagged_logging.rb:26:in `tagged'
activesupport (5.1.4) lib/active_support/tagged_logging.rb:69:in `tagged'
railties (5.1.4) lib/rails/rack/logger.rb:24:in `call'
sprockets-rails (3.2.1) lib/sprockets/rails/quiet_assets.rb:13:in `call'
actionpack (5.1.4) lib/action_dispatch/middleware/remote_ip.rb:79:in `call'
actionpack (5.1.4) lib/action_dispatch/middleware/request_id.rb:25:in `call'
rack (2.0.3) lib/rack/method_override.rb:22:in `call'
rack (2.0.3) lib/rack/runtime.rb:22:in `call'
activesupport (5.1.4) lib/active_support/cache/strategy/local_cache_middleware.rb:27:in `call'
actionpack (5.1.4) lib/action_dispatch/middleware/executor.rb:12:in `call'
actionpack (5.1.4) lib/action_dispatch/middleware/static.rb:125:in `call'
rack (2.0.3) lib/rack/sendfile.rb:111:in `call'
railties (5.1.4) lib/rails/engine.rb:522:in `call'
puma (3.10.0) lib/puma/configuration.rb:225:in `call'
puma (3.10.0) lib/puma/server.rb:605:in `handle_request'
puma (3.10.0) lib/puma/server.rb:437:in `process_client'
puma (3.10.0) lib/puma/server.rb:301:in `block in run'
puma (3.10.0) lib/puma/thread_pool.rb:120:in `block in spawn_thread'
Started GET "/calculator" for 127.0.0.1 at 2017-09-08 20:05:51 -0400
  
AbstractController::ActionNotFound (The action 'show' could not be found for CalculatorController):
  
actionpack (5.1.4) lib/abstract_controller/base.rb:119:in `process'
actionview (5.1.4) lib/action_view/rendering.rb:30:in `process'
actionpack (5.1.4) lib/action_controller/metal.rb:189:in `dispatch'
actionpack (5.1.4) lib/action_controller/metal.rb:253:in `dispatch'
actionpack (5.1.4) lib/action_dispatch/routing/route_set.rb:49:in `dispatch'
actionpack (5.1.4) lib/action_dispatch/routing/route_set.rb:31:in `serve'
actionpack (5.1.4) lib/action_dispatch/journey/router.rb:50:in `block in serve'
actionpack (5.1.4) lib/action_dispatch/journey/router.rb:33:in `each'
actionpack (5.1.4) lib/action_dispatch/journey/router.rb:33:in `serve'
actionpack (5.1.4) lib/action_dispatch/routing/route_set.rb:834:in `call'
rack (2.0.3) lib/rack/etag.rb:25:in `call'
rack (2.0.3) lib/rack/conditional_get.rb:25:in `call'
rack (2.0.3) lib/rack/head.rb:12:in `call'
rack (2.0.3) lib/rack/session/abstract/id.rb:232:in `context'
rack (2.0.3) lib/rack/session/abstract/id.rb:226:in `call'
actionpack (5.1.4) lib/action_dispatch/middleware/cookies.rb:613:in `call'
activerecord (5.1.4) lib/active_record/migration.rb:556:in `call'
actionpack (5.1.4) lib/action_dispatch/middleware/callbacks.rb:26:in `block in call'
activesupport (5.1.4) lib/active_support/callbacks.rb:97:in `run_callbacks'
actionpack (5.1.4) lib/action_dispatch/middleware/callbacks.rb:24:in `call'
actionpack (5.1.4) lib/action_dispatch/middleware/executor.rb:12:in `call'
actionpack (5.1.4) lib/action_dispatch/middleware/debug_exceptions.rb:59:in `call'
web-console (3.5.1) lib/web_console/middleware.rb:135:in `call_app'
web-console (3.5.1) lib/web_console/middleware.rb:28:in `block in call'
web-console (3.5.1) lib/web_console/middleware.rb:18:in `catch'
web-console (3.5.1) lib/web_console/middleware.rb:18:in `call'
actionpack (5.1.4) lib/action_dispatch/middleware/show_exceptions.rb:31:in `call'
railties (5.1.4) lib/rails/rack/logger.rb:36:in `call_app'
railties (5.1.4) lib/rails/rack/logger.rb:24:in `block in call'
activesupport (5.1.4) lib/active_support/tagged_logging.rb:69:in `block in tagged'
activesupport (5.1.4) lib/active_support/tagged_logging.rb:26:in `tagged'
activesupport (5.1.4) lib/active_support/tagged_logging.rb:69:in `tagged'
railties (5.1.4) lib/rails/rack/logger.rb:24:in `call'
sprockets-rails (3.2.1) lib/sprockets/rails/quiet_assets.rb:13:in `call'
actionpack (5.1.4) lib/action_dispatch/middleware/remote_ip.rb:79:in `call'
actionpack (5.1.4) lib/action_dispatch/middleware/request_id.rb:25:in `call'
rack (2.0.3) lib/rack/method_override.rb:22:in `call'
rack (2.0.3) lib/rack/runtime.rb:22:in `call'
activesupport (5.1.4) lib/active_support/cache/strategy/local_cache_middleware.rb:27:in `call'
actionpack (5.1.4) lib/action_dispatch/middleware/executor.rb:12:in `call'
actionpack (5.1.4) lib/action_dispatch/middleware/static.rb:125:in `call'
rack (2.0.3) lib/rack/sendfile.rb:111:in `call'
railties (5.1.4) lib/rails/engine.rb:522:in `call'
puma (3.10.0) lib/puma/configuration.rb:225:in `call'
puma (3.10.0) lib/puma/server.rb:605:in `handle_request'
puma (3.10.0) lib/puma/server.rb:437:in `process_client'
puma (3.10.0) lib/puma/server.rb:301:in `block in run'
puma (3.10.0) lib/puma/thread_pool.rb:120:in `block in spawn_thread'
Started GET "/calculator" for 127.0.0.1 at 2017-09-08 20:06:46 -0400
Processing by CalculatorController#show as HTML
  Rendering text template
  Rendered text template (0.0ms)
Completed 200 OK in 145ms (Views: 1.3ms)


Started GET "/calculator" for 127.0.0.1 at 2017-09-08 20:17:10 -0400
Processing by CalculatorController#show as HTML
  Rendering text template
  Rendered text template (0.0ms)
Completed 200 OK in 1ms (Views: 0.6ms)


Started GET "/calculator" for 127.0.0.1 at 2017-09-08 20:23:44 -0400
Processing by CalculatorController#show as HTML
  Rendering text template
  Rendered text template (0.0ms)
Completed 200 OK in 1ms (Views: 0.5ms)


Started GET "/calculator" for 127.0.0.1 at 2017-09-08 20:23:51 -0400
Processing by CalculatorController#show as HTML
  Rendering calculator/show.html.erb within layouts/application
  Rendered calculator/show.html.erb within layouts/application (0.4ms)
Completed 200 OK in 295ms (Views: 293.6ms)


Started GET "/calculator" for 127.0.0.1 at 2017-09-08 20:25:13 -0400
Processing by CalculatorController#show as HTML
  Rendering calculator/show.html.erb within layouts/application
  Rendered calculator/show.html.erb within layouts/application (0.3ms)
Completed 200 OK in 14ms (Views: 11.0ms)


Started GET "/calculator" for 127.0.0.1 at 2017-09-08 20:26:59 -0400
Processing by CalculatorController#show as HTML
  Rendering calculator/show.html.erb within layouts/application
  Rendered calculator/show.html.erb within layouts/application (0.3ms)
Completed 200 OK in 14ms (Views: 12.1ms)


Started GET "/calculator" for 127.0.0.1 at 2017-09-08 20:27:43 -0400
Processing by CalculatorController#show as HTML
  Rendering calculator/show.html.erb within layouts/application
  Rendered calculator/show.html.erb within layouts/application (0.3ms)
Completed 200 OK in 12ms (Views: 10.6ms)


Started GET "/calculator" for 127.0.0.1 at 2017-09-08 20:28:00 -0400
Processing by CalculatorController#show as HTML
  Rendering calculator/show.html.erb within layouts/application
  Rendered calculator/show.html.erb within layouts/application (0.4ms)
Completed 200 OK in 16ms (Views: 14.5ms)


Started GET "/calculator" for 127.0.0.1 at 2017-09-08 20:28:53 -0400
Processing by CalculatorController#show as HTML
  Rendering calculator/show.html.erb within layouts/application
  Rendered calculator/show.html.erb within layouts/application (0.3ms)
Completed 200 OK in 13ms (Views: 11.3ms)


Started GET "/calculator" for 127.0.0.1 at 2017-09-08 20:29:05 -0400
Processing by CalculatorController#show as HTML
  Rendering calculator/show.html.erb within layouts/application
  Rendered calculator/show.html.erb within layouts/application (0.3ms)
Completed 200 OK in 14ms (Views: 12.5ms)


Started GET "/calculator" for 127.0.0.1 at 2017-09-08 20:29:31 -0400
Processing by CalculatorController#show as HTML
  Rendering calculator/show.html.erb within layouts/application
  Rendered calculator/show.html.erb within layouts/application (0.3ms)
Completed 200 OK in 12ms (Views: 10.8ms)


Started GET "/calculator" for 127.0.0.1 at 2017-09-08 20:29:35 -0400
Processing by CalculatorController#show as HTML
  Rendering calculator/show.html.erb within layouts/application
  Rendered calculator/show.html.erb within layouts/application (0.2ms)
Completed 200 OK in 12ms (Views: 10.7ms)


Started POST "/calculate" for 127.0.0.1 at 2017-09-08 20:29:39 -0400
  
ActionController::RoutingError (No route matches [POST] "/calculate"):
  
actionpack (5.1.4) lib/action_dispatch/middleware/debug_exceptions.rb:63:in `call'
web-console (3.5.1) lib/web_console/middleware.rb:135:in `call_app'
web-console (3.5.1) lib/web_console/middleware.rb:28:in `block in call'
web-console (3.5.1) lib/web_console/middleware.rb:18:in `catch'
web-console (3.5.1) lib/web_console/middleware.rb:18:in `call'
actionpack (5.1.4) lib/action_dispatch/middleware/show_exceptions.rb:31:in `call'
railties (5.1.4) lib/rails/rack/logger.rb:36:in `call_app'
railties (5.1.4) lib/rails/rack/logger.rb:24:in `block in call'
activesupport (5.1.4) lib/active_support/tagged_logging.rb:69:in `block in tagged'
activesupport (5.1.4) lib/active_support/tagged_logging.rb:26:in `tagged'
activesupport (5.1.4) lib/active_support/tagged_logging.rb:69:in `tagged'
railties (5.1.4) lib/rails/rack/logger.rb:24:in `call'
sprockets-rails (3.2.1) lib/sprockets/rails/quiet_assets.rb:13:in `call'
actionpack (5.1.4) lib/action_dispatch/middleware/remote_ip.rb:79:in `call'
actionpack (5.1.4) lib/action_dispatch/middleware/request_id.rb:25:in `call'
rack (2.0.3) lib/rack/method_override.rb:22:in `call'
rack (2.0.3) lib/rack/runtime.rb:22:in `call'
activesupport (5.1.4) lib/active_support/cache/strategy/local_cache_middleware.rb:27:in `call'
actionpack (5.1.4) lib/action_dispatch/middleware/executor.rb:12:in `call'
actionpack (5.1.4) lib/action_dispatch/middleware/static.rb:125:in `call'
rack (2.0.3) lib/rack/sendfile.rb:111:in `call'
railties (5.1.4) lib/rails/engine.rb:522:in `call'
puma (3.10.0) lib/puma/configuration.rb:225:in `call'
puma (3.10.0) lib/puma/server.rb:605:in `handle_request'
puma (3.10.0) lib/puma/server.rb:437:in `process_client'
puma (3.10.0) lib/puma/server.rb:301:in `block in run'
puma (3.10.0) lib/puma/thread_pool.rb:120:in `block in spawn_thread'
Started POST "/calculate" for 127.0.0.1 at 2017-09-08 20:34:00 -0400
Processing by CalculatorController#calculate as HTML
  Parameters: {"x"=>"Hey", "y"=>"There"}
  Rendering text template
  Rendered text template (0.0ms)
Completed 200 OK in 1ms (Views: 0.5ms)


Started POST "/calculate" for 127.0.0.1 at 2017-09-08 20:36:09 -0400
Processing by CalculatorController#calculate as HTML
  Parameters: {"x"=>"Hey", "y"=>"There"}
Completed 500 Internal Server Error in 113ms


  
NameError (undefined local variable or method `x' for #<CalculatorController:0x007fe0363d5220>):
  
app/controllers/calculator_controller.rb:7:in `calculate'
Started GET "/calculator" for 127.0.0.1 at 2017-09-08 20:38:45 -0400
Processing by CalculatorController#show as HTML
  Rendering calculator/show.html.erb within layouts/application
  Rendered calculator/show.html.erb within layouts/application (0.3ms)
Completed 200 OK in 18ms (Views: 16.7ms)


Started GET "/calculator" for 127.0.0.1 at 2017-09-08 20:38:49 -0400
Processing by CalculatorController#show as HTML
  Rendering calculator/show.html.erb within layouts/application
  Rendered calculator/show.html.erb within layouts/application (0.4ms)
Completed 200 OK in 23ms (Views: 20.6ms)


Started POST "/calculate" for 127.0.0.1 at 2017-09-08 20:38:59 -0400
Processing by CalculatorController#calculate as HTML
  Parameters: {"x"=>"Hey", "y"=>"There"}
  Rendering text template
  Rendered text template (0.0ms)
Completed 200 OK in 1ms (Views: 0.8ms)


Started POST "/calculate" for 127.0.0.1 at 2017-09-08 20:39:28 -0400
Processing by CalculatorController#calculate as HTML
  Parameters: {"x"=>"Hey", "y"=>"There"}
  Rendering text template
  Rendered text template (0.0ms)
Completed 200 OK in 1ms (Views: 0.5ms)


Started POST "/calculate" for 127.0.0.1 at 2017-09-08 20:39:39 -0400
Processing by CalculatorController#calculate as HTML
  Parameters: {"x"=>"3", "y"=>"4"}
  Rendering text template
  Rendered text template (0.0ms)
Completed 200 OK in 1ms (Views: 0.2ms)


Started POST "/calculate" for 127.0.0.1 at 2017-09-08 20:40:34 -0400
Processing by CalculatorController#calculate as HTML
  Parameters: {"x"=>"-23425", "y"=>"6123512"}
  Rendering text template
  Rendered text template (0.0ms)
Completed 200 OK in 1ms (Views: 0.2ms)


Started POST "/calculate" for 127.0.0.1 at 2017-09-08 20:40:41 -0400
Processing by CalculatorController#calculate as HTML
  Parameters: {"x"=>"-23425", "y"=>"613512"}
  Rendering text template
  Rendered text template (0.0ms)
Completed 200 OK in 0ms (Views: 0.2ms)


Started POST "/calculate" for 127.0.0.1 at 2017-09-08 20:40:49 -0400
Processing by CalculatorController#calculate as HTML
  Parameters: {"x"=>"-23425", "y"=>"61512"}
  Rendering text template
  Rendered text template (0.0ms)
Completed 200 OK in 1ms (Views: 0.3ms)


Started POST "/calculate" for 127.0.0.1 at 2017-09-08 20:43:36 -0400
Processing by CalculatorController#calculate as HTML
  Parameters: {"x"=>"-23425", "y"=>"61512"}
No template found for CalculatorController#calculate, rendering head :no_content
Completed 204 No Content in 48ms


Started POST "/calculate" for 127.0.0.1 at 2017-09-08 20:43:37 -0400
Processing by CalculatorController#calculate as HTML
  Parameters: {"x"=>"-23425", "y"=>"61512"}
No template found for CalculatorController#calculate, rendering head :no_content
Completed 204 No Content in 50ms


Started POST "/calculate" for 127.0.0.1 at 2017-09-08 20:43:38 -0400
Processing by CalculatorController#calculate as HTML
  Parameters: {"x"=>"-23425", "y"=>"61512"}
No template found for CalculatorController#calculate, rendering head :no_content
Completed 204 No Content in 48ms


Started POST "/calculate" for 127.0.0.1 at 2017-09-08 20:43:38 -0400
Processing by CalculatorController#calculate as HTML
  Parameters: {"x"=>"-23425", "y"=>"61512"}
No template found for CalculatorController#calculate, rendering head :no_content
Completed 204 No Content in 53ms


Started POST "/calculate" for 127.0.0.1 at 2017-09-08 20:43:38 -0400
Processing by CalculatorController#calculate as HTML
  Parameters: {"x"=>"-23425", "y"=>"61512"}
No template found for CalculatorController#calculate, rendering head :no_content
Completed 204 No Content in 51ms


Started GET "/calculator" for 127.0.0.1 at 2017-09-08 20:44:22 -0400
Processing by CalculatorController#show as HTML
  Rendering calculator/show.html.erb within layouts/application
  Rendered calculator/show.html.erb within layouts/application (0.8ms)
Completed 200 OK in 25ms (Views: 22.7ms)


Started POST "/calculate" for 127.0.0.1 at 2017-09-08 20:44:26 -0400
Processing by CalculatorController#calculate as HTML
  Parameters: {"x"=>"1", "y"=>"3"}
No template found for CalculatorController#calculate, rendering head :no_content
Completed 204 No Content in 51ms


Started POST "/calculate" for 127.0.0.1 at 2017-09-08 20:44:27 -0400
Processing by CalculatorController#calculate as HTML
  Parameters: {"x"=>"1", "y"=>"3"}
No template found for CalculatorController#calculate, rendering head :no_content
Completed 204 No Content in 48ms


Started GET "/calculator" for 127.0.0.1 at 2017-09-08 20:45:19 -0400
Processing by CalculatorController#show as HTML
  Rendering calculator/show.html.erb within layouts/application
  Rendered calculator/show.html.erb within layouts/application (0.8ms)
Completed 200 OK in 27ms (Views: 24.9ms)


Started POST "/calculate" for 127.0.0.1 at 2017-09-08 20:45:24 -0400
Processing by CalculatorController#calculate as HTML
  Parameters: {"x"=>"1", "y"=>"2"}
No template found for CalculatorController#calculate, rendering head :no_content
Completed 204 No Content in 69ms


Started POST "/calculate" for 127.0.0.1 at 2017-09-08 20:45:24 -0400
Processing by CalculatorController#calculate as HTML
  Parameters: {"x"=>"1", "y"=>"2"}
No template found for CalculatorController#calculate, rendering head :no_content
Completed 204 No Content in 63ms


Started POST "/calculate" for 127.0.0.1 at 2017-09-08 20:45:25 -0400
Processing by CalculatorController#calculate as HTML
  Parameters: {"x"=>"1", "y"=>"2"}
No template found for CalculatorController#calculate, rendering head :no_content
Completed 204 No Content in 56ms


Started POST "/calculate" for 127.0.0.1 at 2017-09-08 20:45:25 -0400
Processing by CalculatorController#calculate as HTML
  Parameters: {"x"=>"1", "y"=>"2"}
No template found for CalculatorController#calculate, rendering head :no_content
Completed 204 No Content in 58ms


Started POST "/calculate" for 127.0.0.1 at 2017-09-08 20:45:25 -0400
Processing by CalculatorController#calculate as HTML
  Parameters: {"x"=>"1", "y"=>"2"}
No template found for CalculatorController#calculate, rendering head :no_content
Completed 204 No Content in 56ms


Started POST "/calculate" for 127.0.0.1 at 2017-09-08 20:46:30 -0400
Processing by CalculatorController#calculate as HTML
  Parameters: {"x"=>"1", "y"=>"2"}
No template found for CalculatorController#calculate, rendering head :no_content
Completed 204 No Content in 50ms


Started POST "/calculate" for 127.0.0.1 at 2017-09-08 20:46:31 -0400
Processing by CalculatorController#calculate as HTML
  Parameters: {"x"=>"1", "y"=>"2"}
No template found for CalculatorController#calculate, rendering head :no_content
Completed 204 No Content in 53ms


Started POST "/calculate" for 127.0.0.1 at 2017-09-08 20:46:37 -0400
Processing by CalculatorController#calculate as HTML
  Parameters: {"x"=>"1", "y"=>"2"}
No template found for CalculatorController#calculate, rendering head :no_content
Completed 204 No Content in 53ms


Started POST "/calculate" for 127.0.0.1 at 2017-09-08 20:46:38 -0400
Processing by CalculatorController#calculate as HTML
  Parameters: {"x"=>"1", "y"=>"2"}
No template found for CalculatorController#calculate, rendering head :no_content
Completed 204 No Content in 56ms


Started POST "/calculate" for 127.0.0.1 at 2017-09-08 20:46:39 -0400
Processing by CalculatorController#calculate as HTML
  Parameters: {"x"=>"1", "y"=>"2"}
No template found for CalculatorController#calculate, rendering head :no_content
Completed 204 No Content in 49ms


Started GET "/calculator" for 127.0.0.1 at 2017-09-08 20:47:24 -0400
Processing by CalculatorController#show as HTML
  Rendering calculator/show.html.erb within layouts/application
  Rendered calculator/show.html.erb within layouts/application (0.8ms)
Completed 200 OK in 21ms (Views: 19.7ms)


Started POST "/calculate" for 127.0.0.1 at 2017-09-08 20:47:26 -0400
Processing by CalculatorController#calculate as HTML
  Parameters: {"x"=>"", "y"=>""}
No template found for CalculatorController#calculate, rendering head :no_content
Completed 204 No Content in 59ms


Started POST "/calculate" for 127.0.0.1 at 2017-09-08 20:47:28 -0400
Processing by CalculatorController#calculate as HTML
  Parameters: {"x"=>"1", "y"=>"2"}
No template found for CalculatorController#calculate, rendering head :no_content
Completed 204 No Content in 56ms


Started POST "/calculate" for 127.0.0.1 at 2017-09-08 20:47:29 -0400
Processing by CalculatorController#calculate as HTML
  Parameters: {"x"=>"1", "y"=>"2"}
No template found for CalculatorController#calculate, rendering head :no_content
Completed 204 No Content in 54ms


Started POST "/calculate" for 127.0.0.1 at 2017-09-08 20:47:51 -0400
Processing by CalculatorController#calculate as HTML
  Parameters: {"x"=>"1", "y"=>"2"}
No template found for CalculatorController#calculate, rendering head :no_content
Completed 204 No Content in 56ms


Started POST "/calculate" for 127.0.0.1 at 2017-09-08 20:47:52 -0400
Processing by CalculatorController#calculate as HTML
  Parameters: {"x"=>"1", "y"=>"2"}
No template found for CalculatorController#calculate, rendering head :no_content
Completed 204 No Content in 54ms


Started GET "/calculator" for 127.0.0.1 at 2017-09-08 20:48:43 -0400
Processing by CalculatorController#show as HTML
  Rendering calculator/show.html.erb within layouts/application
  Rendered calculator/show.html.erb within layouts/application (0.3ms)
Completed 200 OK in 18ms (Views: 16.5ms)


Started POST "/calculate" for 127.0.0.1 at 2017-09-08 20:48:47 -0400
Processing by CalculatorController#calculate as HTML
  Parameters: {"x"=>"1", "y"=>"2"}
No template found for CalculatorController#calculate, rendering head :no_content
Completed 204 No Content in 59ms


Started GET "/calculator" for 127.0.0.1 at 2017-09-08 20:49:46 -0400
Processing by CalculatorController#show as HTML
  Rendering calculator/show.html.erb within layouts/application
  Rendered calculator/show.html.erb within layouts/application (0.3ms)
Completed 200 OK in 18ms (Views: 16.7ms)


Started POST "/calculate" for 127.0.0.1 at 2017-09-08 20:49:49 -0400
Processing by CalculatorController#calculate as HTML
  Parameters: {"x"=>"1", "y"=>"2"}
No template found for CalculatorController#calculate, rendering head :no_content
Completed 204 No Content in 65ms


Started POST "/calculate" for 127.0.0.1 at 2017-09-08 20:49:50 -0400
Processing by CalculatorController#calculate as HTML
  Parameters: {"x"=>"1", "y"=>"2"}
No template found for CalculatorController#calculate, rendering head :no_content
Completed 204 No Content in 59ms


Started POST "/calculate" for 127.0.0.1 at 2017-09-08 20:49:50 -0400
Processing by CalculatorController#calculate as HTML
  Parameters: {"x"=>"1", "y"=>"2"}
No template found for CalculatorController#calculate, rendering head :no_content
Completed 204 No Content in 66ms


Started POST "/calculate" for 127.0.0.1 at 2017-09-08 20:49:50 -0400
Processing by CalculatorController#calculate as HTML
  Parameters: {"x"=>"1", "y"=>"2"}
No template found for CalculatorController#calculate, rendering head :no_content
Completed 204 No Content in 71ms


Started POST "/calculate" for 127.0.0.1 at 2017-09-08 20:49:51 -0400
Processing by CalculatorController#calculate as HTML
  Parameters: {"x"=>"1", "y"=>"2"}
No template found for CalculatorController#calculate, rendering head :no_content
Completed 204 No Content in 62ms


Started POST "/calculate" for 127.0.0.1 at 2017-09-08 20:49:51 -0400
Processing by CalculatorController#calculate as HTML
  Parameters: {"x"=>"1", "y"=>"2"}
No template found for CalculatorController#calculate, rendering head :no_content
Completed 204 No Content in 66ms


Started POST "/calculate" for 127.0.0.1 at 2017-09-08 20:49:51 -0400
Processing by CalculatorController#calculate as HTML
  Parameters: {"x"=>"1", "y"=>"2"}
No template found for CalculatorController#calculate, rendering head :no_content
Completed 204 No Content in 63ms


Started POST "/calculate" for 127.0.0.1 at 2017-09-08 20:49:51 -0400
Processing by CalculatorController#calculate as HTML
  Parameters: {"x"=>"1", "y"=>"2"}
No template found for CalculatorController#calculate, rendering head :no_content
Completed 204 No Content in 65ms


Started GET "/calculator" for 127.0.0.1 at 2017-09-08 20:52:17 -0400
Processing by CalculatorController#show as HTML
  Rendering calculator/show.html.erb within layouts/application
  Rendered calculator/show.html.erb within layouts/application (0.5ms)
Completed 200 OK in 35ms (Views: 32.9ms)


Started POST "/calculate" for 127.0.0.1 at 2017-09-08 20:52:21 -0400
Processing by CalculatorController#calculate as HTML
  Parameters: {"x"=>"1", "y"=>"2"}
  Rendering calculator/calculate.html.erb within layouts/application
  Rendered calculator/calculate.html.erb within layouts/application (1.2ms)
Completed 500 Internal Server Error in 12ms


  
SyntaxError (/Users/pazmacias/Documents/NanoHackers/Week 1/calculator/app/views/calculator/calculate.html.erb:1: syntax error, unexpected tSTRING_DEND, expecting ')'
ms[:x].to_i + params[:y].to_i});
                              ^
/Users/pazmacias/Documents/NanoHackers/Week 1/calculator/app/views/calculator/calculate.html.erb:4: syntax error, unexpected keyword_ensure, expecting ')'
          ensure
                ^
/Users/pazmacias/Documents/NanoHackers/Week 1/calculator/app/views/calculator/calculate.html.erb:6: syntax error, unexpected keyword_end, expecting ')'
          end
             ^):
  
app/views/calculator/calculate.html.erb:1: syntax error, unexpected tSTRING_DEND, expecting ')'
app/views/calculator/calculate.html.erb:4: syntax error, unexpected keyword_ensure, expecting ')'
app/views/calculator/calculate.html.erb:6: syntax error, unexpected keyword_end, expecting ')'
Started POST "/calculate" for 127.0.0.1 at 2017-09-08 20:52:57 -0400
Processing by CalculatorController#calculate as HTML
  Parameters: {"x"=>"1", "y"=>"2"}
  Rendering calculator/calculate.html.erb within layouts/application
  Rendered calculator/calculate.html.erb within layouts/application (1.0ms)
Completed 200 OK in 24ms (Views: 22.2ms)


Started GET "/calculate" for 127.0.0.1 at 2017-09-08 20:57:36 -0400
  
ActionController::RoutingError (No route matches [GET] "/calculate"):
  
actionpack (5.1.4) lib/action_dispatch/middleware/debug_exceptions.rb:63:in `call'
web-console (3.5.1) lib/web_console/middleware.rb:135:in `call_app'
web-console (3.5.1) lib/web_console/middleware.rb:28:in `block in call'
web-console (3.5.1) lib/web_console/middleware.rb:18:in `catch'
web-console (3.5.1) lib/web_console/middleware.rb:18:in `call'
actionpack (5.1.4) lib/action_dispatch/middleware/show_exceptions.rb:31:in `call'
railties (5.1.4) lib/rails/rack/logger.rb:36:in `call_app'
railties (5.1.4) lib/rails/rack/logger.rb:24:in `block in call'
activesupport (5.1.4) lib/active_support/tagged_logging.rb:69:in `block in tagged'
activesupport (5.1.4) lib/active_support/tagged_logging.rb:26:in `tagged'
activesupport (5.1.4) lib/active_support/tagged_logging.rb:69:in `tagged'
railties (5.1.4) lib/rails/rack/logger.rb:24:in `call'
sprockets-rails (3.2.1) lib/sprockets/rails/quiet_assets.rb:13:in `call'
actionpack (5.1.4) lib/action_dispatch/middleware/remote_ip.rb:79:in `call'
actionpack (5.1.4) lib/action_dispatch/middleware/request_id.rb:25:in `call'
rack (2.0.3) lib/rack/method_override.rb:22:in `call'
rack (2.0.3) lib/rack/runtime.rb:22:in `call'
activesupport (5.1.4) lib/active_support/cache/strategy/local_cache_middleware.rb:27:in `call'
actionpack (5.1.4) lib/action_dispatch/middleware/executor.rb:12:in `call'
actionpack (5.1.4) lib/action_dispatch/middleware/static.rb:125:in `call'
rack (2.0.3) lib/rack/sendfile.rb:111:in `call'
railties (5.1.4) lib/rails/engine.rb:522:in `call'
puma (3.10.0) lib/puma/configuration.rb:225:in `call'
puma (3.10.0) lib/puma/server.rb:605:in `handle_request'
puma (3.10.0) lib/puma/server.rb:437:in `process_client'
puma (3.10.0) lib/puma/server.rb:301:in `block in run'
puma (3.10.0) lib/puma/thread_pool.rb:120:in `block in spawn_thread'
Started POST "/calculate" for 127.0.0.1 at 2017-09-08 20:57:39 -0400
Processing by CalculatorController#calculate as HTML
  Parameters: {"x"=>"1", "y"=>"2"}
  Rendering calculator/calculate.html.erb within layouts/application
  Rendered calculator/calculate.html.erb within layouts/application (0.5ms)
Completed 200 OK in 27ms (Views: 25.4ms)


Started POST "/calculate" for 127.0.0.1 at 2017-09-08 20:57:45 -0400
Processing by CalculatorController#calculate as HTML
  Parameters: {"x"=>"1", "y"=>"68"}
  Rendering calculator/calculate.html.erb within layouts/application
  Rendered calculator/calculate.html.erb within layouts/application (0.4ms)
Completed 200 OK in 19ms (Views: 17.4ms)


Started GET "/calculator" for 127.0.0.1 at 2017-09-08 20:58:54 -0400
Processing by CalculatorController#show as HTML
  Rendering calculator/show.html.erb within layouts/application
  Rendered calculator/show.html.erb within layouts/application (0.3ms)
Completed 200 OK in 16ms (Views: 14.3ms)


Started POST "/calculate" for 127.0.0.1 at 2017-09-08 20:58:59 -0400
Processing by CalculatorController#calculate as HTML
  Parameters: {"x"=>"4", "y"=>"12"}
  Rendering calculator/calculate.html.erb within layouts/application
  Rendered calculator/calculate.html.erb within layouts/application (0.8ms)
Completed 200 OK in 22ms (Views: 18.1ms)


Started GET "/calculate" for 127.0.0.1 at 2017-09-08 20:59:16 -0400
  
ActionController::RoutingError (No route matches [GET] "/calculate"):
  
actionpack (5.1.4) lib/action_dispatch/middleware/debug_exceptions.rb:63:in `call'
web-console (3.5.1) lib/web_console/middleware.rb:135:in `call_app'
web-console (3.5.1) lib/web_console/middleware.rb:28:in `block in call'
web-console (3.5.1) lib/web_console/middleware.rb:18:in `catch'
web-console (3.5.1) lib/web_console/middleware.rb:18:in `call'
actionpack (5.1.4) lib/action_dispatch/middleware/show_exceptions.rb:31:in `call'
railties (5.1.4) lib/rails/rack/logger.rb:36:in `call_app'
railties (5.1.4) lib/rails/rack/logger.rb:24:in `block in call'
activesupport (5.1.4) lib/active_support/tagged_logging.rb:69:in `block in tagged'
activesupport (5.1.4) lib/active_support/tagged_logging.rb:26:in `tagged'
activesupport (5.1.4) lib/active_support/tagged_logging.rb:69:in `tagged'
railties (5.1.4) lib/rails/rack/logger.rb:24:in `call'
sprockets-rails (3.2.1) lib/sprockets/rails/quiet_assets.rb:13:in `call'
actionpack (5.1.4) lib/action_dispatch/middleware/remote_ip.rb:79:in `call'
actionpack (5.1.4) lib/action_dispatch/middleware/request_id.rb:25:in `call'
rack (2.0.3) lib/rack/method_override.rb:22:in `call'
rack (2.0.3) lib/rack/runtime.rb:22:in `call'
activesupport (5.1.4) lib/active_support/cache/strategy/local_cache_middleware.rb:27:in `call'
actionpack (5.1.4) lib/action_dispatch/middleware/executor.rb:12:in `call'
actionpack (5.1.4) lib/action_dispatch/middleware/static.rb:125:in `call'
rack (2.0.3) lib/rack/sendfile.rb:111:in `call'
railties (5.1.4) lib/rails/engine.rb:522:in `call'
puma (3.10.0) lib/puma/configuration.rb:225:in `call'
puma (3.10.0) lib/puma/server.rb:605:in `handle_request'
puma (3.10.0) lib/puma/server.rb:437:in `process_client'
puma (3.10.0) lib/puma/server.rb:301:in `block in run'
puma (3.10.0) lib/puma/thread_pool.rb:120:in `block in spawn_thread'
Started POST "/calculate" for 127.0.0.1 at 2017-09-08 20:59:20 -0400
Processing by CalculatorController#calculate as HTML
  Parameters: {"x"=>"4", "y"=>"12"}
  Rendering calculator/calculate.html.erb within layouts/application
  Rendered calculator/calculate.html.erb within layouts/application (0.6ms)
Completed 200 OK in 26ms (Views: 23.8ms)


Started POST "/calculate" for 127.0.0.1 at 2017-09-08 20:59:30 -0400
Processing by CalculatorController#calculate as HTML
  Parameters: {"x"=>"-3", "y"=>"3"}
  Rendering calculator/calculate.html.erb within layouts/application
  Rendered calculator/calculate.html.erb within layouts/application (0.5ms)
Completed 200 OK in 18ms (Views: 16.2ms)


Started POST "/calculate" for 127.0.0.1 at 2017-09-08 20:59:38 -0400
Processing by CalculatorController#calculate as HTML
  Parameters: {"x"=>"-3", "y"=>"2"}
  Rendering calculator/calculate.html.erb within layouts/application
  Rendered calculator/calculate.html.erb within layouts/application (0.6ms)
Completed 200 OK in 19ms (Views: 16.9ms)


Started POST "/calculate" for 127.0.0.1 at 2017-09-08 21:03:09 -0400
Processing by CalculatorController#calculate as HTML
  Parameters: {"x"=>"28514", "y"=>"41582"}
  Rendering calculator/calculate.html.erb within layouts/application
  Rendered calculator/calculate.html.erb within layouts/application (45.4ms)
Completed 200 OK in 62ms (Views: 60.5ms)


Started GET "/calculate" for 127.0.0.1 at 2017-09-09 22:32:44 -0400
  
ActionController::RoutingError (No route matches [GET] "/calculate"):
  
actionpack (5.1.4) lib/action_dispatch/middleware/debug_exceptions.rb:63:in `call'
web-console (3.5.1) lib/web_console/middleware.rb:135:in `call_app'
web-console (3.5.1) lib/web_console/middleware.rb:28:in `block in call'
web-console (3.5.1) lib/web_console/middleware.rb:18:in `catch'
web-console (3.5.1) lib/web_console/middleware.rb:18:in `call'
actionpack (5.1.4) lib/action_dispatch/middleware/show_exceptions.rb:31:in `call'
railties (5.1.4) lib/rails/rack/logger.rb:36:in `call_app'
railties (5.1.4) lib/rails/rack/logger.rb:24:in `block in call'
activesupport (5.1.4) lib/active_support/tagged_logging.rb:69:in `block in tagged'
activesupport (5.1.4) lib/active_support/tagged_logging.rb:26:in `tagged'
activesupport (5.1.4) lib/active_support/tagged_logging.rb:69:in `tagged'
railties (5.1.4) lib/rails/rack/logger.rb:24:in `call'
sprockets-rails (3.2.1) lib/sprockets/rails/quiet_assets.rb:13:in `call'
actionpack (5.1.4) lib/action_dispatch/middleware/remote_ip.rb:79:in `call'
actionpack (5.1.4) lib/action_dispatch/middleware/request_id.rb:25:in `call'
rack (2.0.3) lib/rack/method_override.rb:22:in `call'
rack (2.0.3) lib/rack/runtime.rb:22:in `call'
activesupport (5.1.4) lib/active_support/cache/strategy/local_cache_middleware.rb:27:in `call'
actionpack (5.1.4) lib/action_dispatch/middleware/executor.rb:12:in `call'
actionpack (5.1.4) lib/action_dispatch/middleware/static.rb:125:in `call'
rack (2.0.3) lib/rack/sendfile.rb:111:in `call'
railties (5.1.4) lib/rails/engine.rb:522:in `call'
puma (3.10.0) lib/puma/configuration.rb:225:in `call'
puma (3.10.0) lib/puma/server.rb:605:in `handle_request'
puma (3.10.0) lib/puma/server.rb:437:in `process_client'
puma (3.10.0) lib/puma/server.rb:301:in `block in run'
puma (3.10.0) lib/puma/thread_pool.rb:120:in `block in spawn_thread'
Started GET "/calculator" for 127.0.0.1 at 2017-09-09 22:32:48 -0400
Processing by CalculatorController#show as HTML
  Rendering calculator/show.html.erb within layouts/application
  Rendered calculator/show.html.erb within layouts/application (0.3ms)
Completed 200 OK in 36ms (Views: 33.9ms)


Started POST "/sum" for 127.0.0.1 at 2017-09-09 22:32:53 -0400
Processing by CalculatorController#sum as HTML
  Parameters: {"x"=>"2", "y"=>"4"}
  Rendering calculator/sum.html.erb within layouts/application
  Rendered calculator/sum.html.erb within layouts/application (0.7ms)
Completed 200 OK in 27ms (Views: 25.1ms)


Started POST "/sum" for 127.0.0.1 at 2017-09-09 22:33:01 -0400
Processing by CalculatorController#sum as HTML
  Parameters: {"x"=>"2", "y"=>"61512"}
  Rendering calculator/sum.html.erb within layouts/application
  Rendered calculator/sum.html.erb within layouts/application (1.0ms)
Completed 200 OK in 25ms (Views: 22.4ms)


Started GET "/" for 127.0.0.1 at 2017-09-10 10:57:10 -0400
Processing by Rails::WelcomeController#index as HTML
  Rendering /Users/pazmacias/.rvm/gems/ruby-2.4.1/gems/railties-5.1.4/lib/rails/templates/rails/welcome/index.html.erb
  Rendered /Users/pazmacias/.rvm/gems/ruby-2.4.1/gems/railties-5.1.4/lib/rails/templates/rails/welcome/index.html.erb (17.4ms)
Completed 200 OK in 35ms (Views: 23.3ms)


Started GET "/calculator" for 127.0.0.1 at 2017-09-10 10:57:14 -0400
Processing by CalculatorController#show as HTML
  Rendering calculator/show.html.erb within layouts/application
  Rendered calculator/show.html.erb within layouts/application (1.6ms)
Completed 200 OK in 44ms (Views: 41.7ms)


Started POST "/sum" for 127.0.0.1 at 2017-09-10 10:57:21 -0400
Processing by CalculatorController#sum as HTML
  Parameters: {"x"=>"2", "y"=>"3"}
  Rendering calculator/sum.html.erb within layouts/application
  Rendered calculator/sum.html.erb within layouts/application (0.6ms)
Completed 200 OK in 27ms (Views: 23.5ms)


Started GET "/sum" for 127.0.0.1 at 2017-09-10 11:03:42 -0400
  
ActionController::RoutingError (No route matches [GET] "/sum"):
  
actionpack (5.1.4) lib/action_dispatch/middleware/debug_exceptions.rb:63:in `call'
web-console (3.5.1) lib/web_console/middleware.rb:135:in `call_app'
web-console (3.5.1) lib/web_console/middleware.rb:28:in `block in call'
web-console (3.5.1) lib/web_console/middleware.rb:18:in `catch'
web-console (3.5.1) lib/web_console/middleware.rb:18:in `call'
actionpack (5.1.4) lib/action_dispatch/middleware/show_exceptions.rb:31:in `call'
railties (5.1.4) lib/rails/rack/logger.rb:36:in `call_app'
railties (5.1.4) lib/rails/rack/logger.rb:24:in `block in call'
activesupport (5.1.4) lib/active_support/tagged_logging.rb:69:in `block in tagged'
activesupport (5.1.4) lib/active_support/tagged_logging.rb:26:in `tagged'
activesupport (5.1.4) lib/active_support/tagged_logging.rb:69:in `tagged'
railties (5.1.4) lib/rails/rack/logger.rb:24:in `call'
sprockets-rails (3.2.1) lib/sprockets/rails/quiet_assets.rb:13:in `call'
actionpack (5.1.4) lib/action_dispatch/middleware/remote_ip.rb:79:in `call'
actionpack (5.1.4) lib/action_dispatch/middleware/request_id.rb:25:in `call'
rack (2.0.3) lib/rack/method_override.rb:22:in `call'
rack (2.0.3) lib/rack/runtime.rb:22:in `call'
activesupport (5.1.4) lib/active_support/cache/strategy/local_cache_middleware.rb:27:in `call'
actionpack (5.1.4) lib/action_dispatch/middleware/executor.rb:12:in `call'
actionpack (5.1.4) lib/action_dispatch/middleware/static.rb:125:in `call'
rack (2.0.3) lib/rack/sendfile.rb:111:in `call'
railties (5.1.4) lib/rails/engine.rb:522:in `call'
puma (3.10.0) lib/puma/configuration.rb:225:in `call'
puma (3.10.0) lib/puma/server.rb:605:in `handle_request'
puma (3.10.0) lib/puma/server.rb:437:in `process_client'
puma (3.10.0) lib/puma/server.rb:301:in `block in run'
puma (3.10.0) lib/puma/thread_pool.rb:120:in `block in spawn_thread'
Started POST "/sum" for 127.0.0.1 at 2017-09-10 12:40:26 -0400
Processing by CalculatorController#sum as HTML
  Parameters: {"x"=>"2", "y"=>"3"}
  Rendering calculator/sum.html.erb within layouts/application
  Rendered calculator/sum.html.erb within layouts/application (0.5ms)
Completed 200 OK in 21ms (Views: 19.0ms)


Started GET "/sum" for 127.0.0.1 at 2017-09-10 12:40:28 -0400
  
ActionController::RoutingError (No route matches [GET] "/sum"):
  
actionpack (5.1.4) lib/action_dispatch/middleware/debug_exceptions.rb:63:in `call'
web-console (3.5.1) lib/web_console/middleware.rb:135:in `call_app'
web-console (3.5.1) lib/web_console/middleware.rb:28:in `block in call'
web-console (3.5.1) lib/web_console/middleware.rb:18:in `catch'
web-console (3.5.1) lib/web_console/middleware.rb:18:in `call'
actionpack (5.1.4) lib/action_dispatch/middleware/show_exceptions.rb:31:in `call'
railties (5.1.4) lib/rails/rack/logger.rb:36:in `call_app'
railties (5.1.4) lib/rails/rack/logger.rb:24:in `block in call'
activesupport (5.1.4) lib/active_support/tagged_logging.rb:69:in `block in tagged'
activesupport (5.1.4) lib/active_support/tagged_logging.rb:26:in `tagged'
activesupport (5.1.4) lib/active_support/tagged_logging.rb:69:in `tagged'
railties (5.1.4) lib/rails/rack/logger.rb:24:in `call'
sprockets-rails (3.2.1) lib/sprockets/rails/quiet_assets.rb:13:in `call'
actionpack (5.1.4) lib/action_dispatch/middleware/remote_ip.rb:79:in `call'
actionpack (5.1.4) lib/action_dispatch/middleware/request_id.rb:25:in `call'
rack (2.0.3) lib/rack/method_override.rb:22:in `call'
rack (2.0.3) lib/rack/runtime.rb:22:in `call'
activesupport (5.1.4) lib/active_support/cache/strategy/local_cache_middleware.rb:27:in `call'
actionpack (5.1.4) lib/action_dispatch/middleware/executor.rb:12:in `call'
actionpack (5.1.4) lib/action_dispatch/middleware/static.rb:125:in `call'
rack (2.0.3) lib/rack/sendfile.rb:111:in `call'
railties (5.1.4) lib/rails/engine.rb:522:in `call'
puma (3.10.0) lib/puma/configuration.rb:225:in `call'
puma (3.10.0) lib/puma/server.rb:605:in `handle_request'
puma (3.10.0) lib/puma/server.rb:437:in `process_client'
puma (3.10.0) lib/puma/server.rb:301:in `block in run'
puma (3.10.0) lib/puma/thread_pool.rb:120:in `block in spawn_thread'
Started GET "/sum" for 127.0.0.1 at 2017-09-10 12:40:30 -0400
  
ActionController::RoutingError (No route matches [GET] "/sum"):
  
actionpack (5.1.4) lib/action_dispatch/middleware/debug_exceptions.rb:63:in `call'
web-console (3.5.1) lib/web_console/middleware.rb:135:in `call_app'
web-console (3.5.1) lib/web_console/middleware.rb:28:in `block in call'
web-console (3.5.1) lib/web_console/middleware.rb:18:in `catch'
web-console (3.5.1) lib/web_console/middleware.rb:18:in `call'
actionpack (5.1.4) lib/action_dispatch/middleware/show_exceptions.rb:31:in `call'
railties (5.1.4) lib/rails/rack/logger.rb:36:in `call_app'
railties (5.1.4) lib/rails/rack/logger.rb:24:in `block in call'
activesupport (5.1.4) lib/active_support/tagged_logging.rb:69:in `block in tagged'
activesupport (5.1.4) lib/active_support/tagged_logging.rb:26:in `tagged'
activesupport (5.1.4) lib/active_support/tagged_logging.rb:69:in `tagged'
railties (5.1.4) lib/rails/rack/logger.rb:24:in `call'
sprockets-rails (3.2.1) lib/sprockets/rails/quiet_assets.rb:13:in `call'
actionpack (5.1.4) lib/action_dispatch/middleware/remote_ip.rb:79:in `call'
actionpack (5.1.4) lib/action_dispatch/middleware/request_id.rb:25:in `call'
rack (2.0.3) lib/rack/method_override.rb:22:in `call'
rack (2.0.3) lib/rack/runtime.rb:22:in `call'
activesupport (5.1.4) lib/active_support/cache/strategy/local_cache_middleware.rb:27:in `call'
actionpack (5.1.4) lib/action_dispatch/middleware/executor.rb:12:in `call'
actionpack (5.1.4) lib/action_dispatch/middleware/static.rb:125:in `call'
rack (2.0.3) lib/rack/sendfile.rb:111:in `call'
railties (5.1.4) lib/rails/engine.rb:522:in `call'
puma (3.10.0) lib/puma/configuration.rb:225:in `call'
puma (3.10.0) lib/puma/server.rb:605:in `handle_request'
puma (3.10.0) lib/puma/server.rb:437:in `process_client'
puma (3.10.0) lib/puma/server.rb:301:in `block in run'
puma (3.10.0) lib/puma/thread_pool.rb:120:in `block in spawn_thread'
Started GET "/calculator" for 127.0.0.1 at 2017-09-10 12:43:33 -0400
Processing by CalculatorController#show as HTML
  Rendering calculator/show.html.erb within layouts/application
  Rendered calculator/show.html.erb within layouts/application (0.4ms)
Completed 200 OK in 17ms (Views: 15.6ms)


Started POST "/sum" for 127.0.0.1 at 2017-09-10 12:43:44 -0400
Processing by CalculatorController#sum as HTML
  Parameters: {"x"=>"3", "y"=>"6"}
  Rendering calculator/sum.html.erb within layouts/application
  Rendered calculator/sum.html.erb within layouts/application (0.6ms)
Completed 200 OK in 25ms (Views: 22.9ms)


Started POST "/sum" for 127.0.0.1 at 2017-09-10 12:43:57 -0400
Processing by CalculatorController#sum as HTML
  Parameters: {"x"=>"3", "y"=>"6"}
  Rendering calculator/sum.html.erb within layouts/application
  Rendered calculator/sum.html.erb within layouts/application (0.9ms)
Completed 200 OK in 46ms (Views: 42.2ms)


Started GET "/calculator" for 127.0.0.1 at 2017-09-10 12:45:22 -0400
Processing by CalculatorController#show as HTML
  Rendering calculator/show.html.erb within layouts/application
  Rendered calculator/show.html.erb within layouts/application (0.4ms)
Completed 200 OK in 19ms (Views: 17.5ms)


Started POST "/sum" for 127.0.0.1 at 2017-09-10 12:45:27 -0400
Processing by CalculatorController#sum as HTML
  Parameters: {"x"=>"3", "operation"=>"+", "y"=>"6"}
  Rendering calculator/sum.html.erb within layouts/application
  Rendered calculator/sum.html.erb within layouts/application (0.6ms)
Completed 200 OK in 26ms (Views: 22.1ms)


Started GET "/sum" for 127.0.0.1 at 2017-09-10 12:47:46 -0400
  
ActionController::RoutingError (No route matches [GET] "/sum"):
  
actionpack (5.1.4) lib/action_dispatch/middleware/debug_exceptions.rb:63:in `call'
web-console (3.5.1) lib/web_console/middleware.rb:135:in `call_app'
web-console (3.5.1) lib/web_console/middleware.rb:28:in `block in call'
web-console (3.5.1) lib/web_console/middleware.rb:18:in `catch'
web-console (3.5.1) lib/web_console/middleware.rb:18:in `call'
actionpack (5.1.4) lib/action_dispatch/middleware/show_exceptions.rb:31:in `call'
railties (5.1.4) lib/rails/rack/logger.rb:36:in `call_app'
railties (5.1.4) lib/rails/rack/logger.rb:24:in `block in call'
activesupport (5.1.4) lib/active_support/tagged_logging.rb:69:in `block in tagged'
activesupport (5.1.4) lib/active_support/tagged_logging.rb:26:in `tagged'
activesupport (5.1.4) lib/active_support/tagged_logging.rb:69:in `tagged'
railties (5.1.4) lib/rails/rack/logger.rb:24:in `call'
sprockets-rails (3.2.1) lib/sprockets/rails/quiet_assets.rb:13:in `call'
actionpack (5.1.4) lib/action_dispatch/middleware/remote_ip.rb:79:in `call'
actionpack (5.1.4) lib/action_dispatch/middleware/request_id.rb:25:in `call'
rack (2.0.3) lib/rack/method_override.rb:22:in `call'
rack (2.0.3) lib/rack/runtime.rb:22:in `call'
activesupport (5.1.4) lib/active_support/cache/strategy/local_cache_middleware.rb:27:in `call'
actionpack (5.1.4) lib/action_dispatch/middleware/executor.rb:12:in `call'
actionpack (5.1.4) lib/action_dispatch/middleware/static.rb:125:in `call'
rack (2.0.3) lib/rack/sendfile.rb:111:in `call'
railties (5.1.4) lib/rails/engine.rb:522:in `call'
puma (3.10.0) lib/puma/configuration.rb:225:in `call'
puma (3.10.0) lib/puma/server.rb:605:in `handle_request'
puma (3.10.0) lib/puma/server.rb:437:in `process_client'
puma (3.10.0) lib/puma/server.rb:301:in `block in run'
puma (3.10.0) lib/puma/thread_pool.rb:120:in `block in spawn_thread'
Started POST "/sum" for 127.0.0.1 at 2017-09-10 12:47:55 -0400
Processing by CalculatorController#sum as HTML
  Parameters: {"x"=>"6", "operation"=>"/", "y"=>"3"}
  Rendering calculator/sum.html.erb within layouts/application
  Rendered calculator/sum.html.erb within layouts/application (0.7ms)
Completed 200 OK in 29ms (Views: 26.0ms)


Started POST "/sum" for 127.0.0.1 at 2017-09-10 12:48:02 -0400
Processing by CalculatorController#sum as HTML
  Parameters: {"x"=>"6", "operation"=>"**", "y"=>"3"}
  Rendering calculator/sum.html.erb within layouts/application
  Rendered calculator/sum.html.erb within layouts/application (0.6ms)
Completed 200 OK in 25ms (Views: 22.6ms)


Started POST "/sum" for 127.0.0.1 at 2017-09-10 12:48:07 -0400
Processing by CalculatorController#sum as HTML
  Parameters: {"x"=>"6", "operation"=>"x", "y"=>"3"}
  Rendering calculator/sum.html.erb within layouts/application
  Rendered calculator/sum.html.erb within layouts/application (0.5ms)
Completed 200 OK in 19ms (Views: 17.2ms)


Started GET "/sum" for 127.0.0.1 at 2017-09-10 12:53:55 -0400
  
ActionController::RoutingError (No route matches [GET] "/sum"):
  
actionpack (5.1.4) lib/action_dispatch/middleware/debug_exceptions.rb:63:in `call'
web-console (3.5.1) lib/web_console/middleware.rb:135:in `call_app'
web-console (3.5.1) lib/web_console/middleware.rb:28:in `block in call'
web-console (3.5.1) lib/web_console/middleware.rb:18:in `catch'
web-console (3.5.1) lib/web_console/middleware.rb:18:in `call'
actionpack (5.1.4) lib/action_dispatch/middleware/show_exceptions.rb:31:in `call'
railties (5.1.4) lib/rails/rack/logger.rb:36:in `call_app'
railties (5.1.4) lib/rails/rack/logger.rb:24:in `block in call'
activesupport (5.1.4) lib/active_support/tagged_logging.rb:69:in `block in tagged'
activesupport (5.1.4) lib/active_support/tagged_logging.rb:26:in `tagged'
activesupport (5.1.4) lib/active_support/tagged_logging.rb:69:in `tagged'
railties (5.1.4) lib/rails/rack/logger.rb:24:in `call'
sprockets-rails (3.2.1) lib/sprockets/rails/quiet_assets.rb:13:in `call'
actionpack (5.1.4) lib/action_dispatch/middleware/remote_ip.rb:79:in `call'
actionpack (5.1.4) lib/action_dispatch/middleware/request_id.rb:25:in `call'
rack (2.0.3) lib/rack/method_override.rb:22:in `call'
rack (2.0.3) lib/rack/runtime.rb:22:in `call'
activesupport (5.1.4) lib/active_support/cache/strategy/local_cache_middleware.rb:27:in `call'
actionpack (5.1.4) lib/action_dispatch/middleware/executor.rb:12:in `call'
actionpack (5.1.4) lib/action_dispatch/middleware/static.rb:125:in `call'
rack (2.0.3) lib/rack/sendfile.rb:111:in `call'
railties (5.1.4) lib/rails/engine.rb:522:in `call'
puma (3.10.0) lib/puma/configuration.rb:225:in `call'
puma (3.10.0) lib/puma/server.rb:605:in `handle_request'
puma (3.10.0) lib/puma/server.rb:437:in `process_client'
puma (3.10.0) lib/puma/server.rb:301:in `block in run'
puma (3.10.0) lib/puma/thread_pool.rb:120:in `block in spawn_thread'
Started POST "/sum" for 127.0.0.1 at 2017-09-10 12:54:00 -0400
Processing by CalculatorController#sum as HTML
  Parameters: {"x"=>"6", "operation"=>"x", "y"=>"3"}
  Rendering calculator/sum.html.erb within layouts/application
  Rendered calculator/sum.html.erb within layouts/application (0.6ms)
Completed 200 OK in 30ms (Views: 27.4ms)


Started POST "/sum" for 127.0.0.1 at 2017-09-10 12:54:16 -0400
Processing by CalculatorController#sum as HTML
  Parameters: {"x"=>"2", "operation"=>"x", "y"=>"1000000"}
  Rendering calculator/sum.html.erb within layouts/application
  Rendered calculator/sum.html.erb within layouts/application (0.6ms)
Completed 200 OK in 24ms (Views: 20.9ms)


Started POST "/sum" for 127.0.0.1 at 2017-09-10 12:54:22 -0400
Processing by CalculatorController#sum as HTML
  Parameters: {"x"=>"2", "operation"=>"**", "y"=>"1000000"}
  Rendering calculator/sum.html.erb within layouts/application
  Rendered calculator/sum.html.erb within layouts/application (27.8ms)
Completed 200 OK in 61ms (Views: 45.6ms)


Started GET "/" for 127.0.0.1 at 2017-09-15 18:53:13 -0400
Processing by Rails::WelcomeController#index as HTML
  Rendering /Users/pazmacias/.rvm/gems/ruby-2.4.1/gems/railties-5.1.4/lib/rails/templates/rails/welcome/index.html.erb
  Rendered /Users/pazmacias/.rvm/gems/ruby-2.4.1/gems/railties-5.1.4/lib/rails/templates/rails/welcome/index.html.erb (3.5ms)
Completed 200 OK in 188ms (Views: 9.3ms)


Started GET "/calculator" for 127.0.0.1 at 2017-09-15 18:53:20 -0400
Processing by CalculatorController#show as HTML
  Rendering calculator/show.html.erb within layouts/application
  Rendered calculator/show.html.erb within layouts/application (0.5ms)
Completed 200 OK in 208ms (Views: 206.8ms)


Started POST "/sum" for 127.0.0.1 at 2017-09-15 18:53:28 -0400
Processing by CalculatorController#sum as HTML
  Parameters: {"x"=>"3", "operation"=>"x", "y"=>"5"}
  Rendering calculator/sum.html.erb within layouts/application
  Rendered calculator/sum.html.erb within layouts/application (0.4ms)
Completed 200 OK in 17ms (Views: 14.9ms)


Started GET "/calculator" for 127.0.0.1 at 2017-09-15 18:57:10 -0400
Processing by CalculatorController#show as HTML
  Rendering calculator/show.html.erb within layouts/application
  Rendered calculator/show.html.erb within layouts/application (0.5ms)
Completed 200 OK in 21ms (Views: 19.6ms)


Started POST "/sum" for 127.0.0.1 at 2017-09-15 18:57:14 -0400
Processing by CalculatorController#sum as HTML
  Parameters: {"x"=>"3", "operation"=>"+", "y"=>"5"}
  Rendering calculator/sum.html.erb within layouts/application
  Rendered calculator/sum.html.erb within layouts/application (0.4ms)
Completed 200 OK in 19ms (Views: 16.4ms)


Started GET "/sum" for 127.0.0.1 at 2017-09-15 18:57:38 -0400
  
ActionController::RoutingError (No route matches [GET] "/sum"):
  
actionpack (5.1.4) lib/action_dispatch/middleware/debug_exceptions.rb:63:in `call'
web-console (3.5.1) lib/web_console/middleware.rb:135:in `call_app'
web-console (3.5.1) lib/web_console/middleware.rb:28:in `block in call'
web-console (3.5.1) lib/web_console/middleware.rb:18:in `catch'
web-console (3.5.1) lib/web_console/middleware.rb:18:in `call'
actionpack (5.1.4) lib/action_dispatch/middleware/show_exceptions.rb:31:in `call'
railties (5.1.4) lib/rails/rack/logger.rb:36:in `call_app'
railties (5.1.4) lib/rails/rack/logger.rb:24:in `block in call'
activesupport (5.1.4) lib/active_support/tagged_logging.rb:69:in `block in tagged'
activesupport (5.1.4) lib/active_support/tagged_logging.rb:26:in `tagged'
activesupport (5.1.4) lib/active_support/tagged_logging.rb:69:in `tagged'
railties (5.1.4) lib/rails/rack/logger.rb:24:in `call'
sprockets-rails (3.2.1) lib/sprockets/rails/quiet_assets.rb:13:in `call'
actionpack (5.1.4) lib/action_dispatch/middleware/remote_ip.rb:79:in `call'
actionpack (5.1.4) lib/action_dispatch/middleware/request_id.rb:25:in `call'
rack (2.0.3) lib/rack/method_override.rb:22:in `call'
rack (2.0.3) lib/rack/runtime.rb:22:in `call'
activesupport (5.1.4) lib/active_support/cache/strategy/local_cache_middleware.rb:27:in `call'
actionpack (5.1.4) lib/action_dispatch/middleware/executor.rb:12:in `call'
actionpack (5.1.4) lib/action_dispatch/middleware/static.rb:125:in `call'
rack (2.0.3) lib/rack/sendfile.rb:111:in `call'
railties (5.1.4) lib/rails/engine.rb:522:in `call'
puma (3.10.0) lib/puma/configuration.rb:225:in `call'
puma (3.10.0) lib/puma/server.rb:605:in `handle_request'
puma (3.10.0) lib/puma/server.rb:437:in `process_client'
puma (3.10.0) lib/puma/server.rb:301:in `block in run'
puma (3.10.0) lib/puma/thread_pool.rb:120:in `block in spawn_thread'
Started POST "/sum" for 127.0.0.1 at 2017-09-15 18:57:41 -0400
Processing by CalculatorController#sum as HTML
  Parameters: {"x"=>"3", "operation"=>"+", "y"=>"5"}
  Rendering calculator/sum.html.erb within layouts/application
  Rendered calculator/sum.html.erb within layouts/application (0.3ms)
Completed 200 OK in 17ms (Views: 14.8ms)


Started GET "/sum" for 127.0.0.1 at 2017-09-15 18:59:56 -0400
  
ActionController::RoutingError (No route matches [GET] "/sum"):
  
actionpack (5.1.4) lib/action_dispatch/middleware/debug_exceptions.rb:63:in `call'
web-console (3.5.1) lib/web_console/middleware.rb:135:in `call_app'
web-console (3.5.1) lib/web_console/middleware.rb:28:in `block in call'
web-console (3.5.1) lib/web_console/middleware.rb:18:in `catch'
web-console (3.5.1) lib/web_console/middleware.rb:18:in `call'
actionpack (5.1.4) lib/action_dispatch/middleware/show_exceptions.rb:31:in `call'
railties (5.1.4) lib/rails/rack/logger.rb:36:in `call_app'
railties (5.1.4) lib/rails/rack/logger.rb:24:in `block in call'
activesupport (5.1.4) lib/active_support/tagged_logging.rb:69:in `block in tagged'
activesupport (5.1.4) lib/active_support/tagged_logging.rb:26:in `tagged'
activesupport (5.1.4) lib/active_support/tagged_logging.rb:69:in `tagged'
railties (5.1.4) lib/rails/rack/logger.rb:24:in `call'
sprockets-rails (3.2.1) lib/sprockets/rails/quiet_assets.rb:13:in `call'
actionpack (5.1.4) lib/action_dispatch/middleware/remote_ip.rb:79:in `call'
actionpack (5.1.4) lib/action_dispatch/middleware/request_id.rb:25:in `call'
rack (2.0.3) lib/rack/method_override.rb:22:in `call'
rack (2.0.3) lib/rack/runtime.rb:22:in `call'
activesupport (5.1.4) lib/active_support/cache/strategy/local_cache_middleware.rb:27:in `call'
actionpack (5.1.4) lib/action_dispatch/middleware/executor.rb:12:in `call'
actionpack (5.1.4) lib/action_dispatch/middleware/static.rb:125:in `call'
rack (2.0.3) lib/rack/sendfile.rb:111:in `call'
railties (5.1.4) lib/rails/engine.rb:522:in `call'
puma (3.10.0) lib/puma/configuration.rb:225:in `call'
puma (3.10.0) lib/puma/server.rb:605:in `handle_request'
puma (3.10.0) lib/puma/server.rb:437:in `process_client'
puma (3.10.0) lib/puma/server.rb:301:in `block in run'
puma (3.10.0) lib/puma/thread_pool.rb:120:in `block in spawn_thread'
Started POST "/sum" for 127.0.0.1 at 2017-09-15 19:00:00 -0400
Processing by CalculatorController#sum as HTML
  Parameters: {"x"=>"3", "operation"=>"+", "y"=>"5"}
  Rendering calculator/sum.html.erb within layouts/application
  Rendered calculator/sum.html.erb within layouts/application (0.6ms)
Completed 200 OK in 25ms (Views: 23.0ms)


Started GET "/sum" for 127.0.0.1 at 2017-09-15 19:00:22 -0400
  
ActionController::RoutingError (No route matches [GET] "/sum"):
  
actionpack (5.1.4) lib/action_dispatch/middleware/debug_exceptions.rb:63:in `call'
web-console (3.5.1) lib/web_console/middleware.rb:135:in `call_app'
web-console (3.5.1) lib/web_console/middleware.rb:28:in `block in call'
web-console (3.5.1) lib/web_console/middleware.rb:18:in `catch'
web-console (3.5.1) lib/web_console/middleware.rb:18:in `call'
actionpack (5.1.4) lib/action_dispatch/middleware/show_exceptions.rb:31:in `call'
railties (5.1.4) lib/rails/rack/logger.rb:36:in `call_app'
railties (5.1.4) lib/rails/rack/logger.rb:24:in `block in call'
activesupport (5.1.4) lib/active_support/tagged_logging.rb:69:in `block in tagged'
activesupport (5.1.4) lib/active_support/tagged_logging.rb:26:in `tagged'
activesupport (5.1.4) lib/active_support/tagged_logging.rb:69:in `tagged'
railties (5.1.4) lib/rails/rack/logger.rb:24:in `call'
sprockets-rails (3.2.1) lib/sprockets/rails/quiet_assets.rb:13:in `call'
actionpack (5.1.4) lib/action_dispatch/middleware/remote_ip.rb:79:in `call'
actionpack (5.1.4) lib/action_dispatch/middleware/request_id.rb:25:in `call'
rack (2.0.3) lib/rack/method_override.rb:22:in `call'
rack (2.0.3) lib/rack/runtime.rb:22:in `call'
activesupport (5.1.4) lib/active_support/cache/strategy/local_cache_middleware.rb:27:in `call'
actionpack (5.1.4) lib/action_dispatch/middleware/executor.rb:12:in `call'
actionpack (5.1.4) lib/action_dispatch/middleware/static.rb:125:in `call'
rack (2.0.3) lib/rack/sendfile.rb:111:in `call'
railties (5.1.4) lib/rails/engine.rb:522:in `call'
puma (3.10.0) lib/puma/configuration.rb:225:in `call'
puma (3.10.0) lib/puma/server.rb:605:in `handle_request'
puma (3.10.0) lib/puma/server.rb:437:in `process_client'
puma (3.10.0) lib/puma/server.rb:301:in `block in run'
puma (3.10.0) lib/puma/thread_pool.rb:120:in `block in spawn_thread'
Started POST "/sum" for 127.0.0.1 at 2017-09-15 19:00:26 -0400
Processing by CalculatorController#sum as HTML
  Parameters: {"x"=>"3", "operation"=>"+", "y"=>"5"}
  Rendering calculator/sum.html.erb within layouts/application
  Rendered calculator/sum.html.erb within layouts/application (0.3ms)
Completed 200 OK in 19ms (Views: 16.7ms)


Started GET "/calculator" for 127.0.0.1 at 2017-09-15 19:05:05 -0400
Processing by CalculatorController#show as HTML
  Rendering calculator/show.html.erb within layouts/application
  Rendered calculator/show.html.erb within layouts/application (1.2ms)
Completed 200 OK in 374ms (Views: 205.0ms)


Started POST "/sum" for 127.0.0.1 at 2017-09-15 19:05:10 -0400
Processing by CalculatorController#sum as HTML
  Parameters: {"x"=>"3", "operation"=>"+", "y"=>"4"}
  Rendering calculator/sum.html.erb within layouts/application
  Rendered calculator/sum.html.erb within layouts/application (0.3ms)
Completed 200 OK in 18ms (Views: 14.2ms)


